<?xml version="1.0" encoding="UTF-8"?>
<!-- Generated by org.testng.reporters.JUnitXMLReporter -->
<testsuite hostname="DEEP-1705211512" ignored="0" name="JUnitTests" tests="1" failures="0" timestamp="09 十二月 2017 07:24:08 GMT" time="0.207" errors="0">
  <testcase name="testAdd on testAdd(TestNG.TestJunit)" time="0.018" classname="TestNG.TestJunit"/>
</testsuite> <!-- JUnitTests -->
