<?xml version="1.0" encoding="UTF-8"?>
<!-- Generated by org.testng.reporters.JUnitXMLReporter -->
<testsuite hostname="DEEP-1705211512" ignored="0" name="JUnitTests" tests="1" failures="0" timestamp="12 十二月 2017 00:11:36 GMT" time="0.32" errors="0">
  <testcase name="testAdd on testAdd(TestNG.TestJunit)" time="0.056" classname="TestNG.TestJunit"/>
</testsuite> <!-- JUnitTests -->
