<?xml version="1.0" encoding="UTF-8"?>
<!-- Generated by org.testng.reporters.JUnitReportReporter -->
<testsuite skipped="0" hostname="DEEP-1705211512" name="TestNG.ExpectedExceptionTest" tests="2" failures="0" timestamp="08 十二月 2017 00:32:41 GMT" time="0.010" errors="0">
  <testcase name="testPrintMessage" time="0.008" classname="TestNG.ExpectedExceptionTest"/>
  <testcase name="testSalutationMessage" time="0.002" classname="TestNG.ExpectedExceptionTest"/>
</testsuite> <!-- TestNG.ExpectedExceptionTest -->
