<?xml version="1.0" encoding="UTF-8"?>
<!-- Generated by org.testng.reporters.JUnitReportReporter -->
<testsuite skipped="0" hostname="DEEP-1705211512" name="TestNG.TestHelloWorld" tests="1" failures="0" timestamp="03 十二月 2017 08:40:24 GMT" time="0.010" errors="0">
  <testcase name="f" time="0.010" classname="TestNG.TestHelloWorld"/>
</testsuite> <!-- TestNG.TestHelloWorld -->
