<?xml version="1.0" encoding="UTF-8"?>
<!-- Generated by org.testng.reporters.JUnitReportReporter -->
<testsuite skipped="0" hostname="DEEP-1705211512" name="TestNG.ParamTestWithDataProvider1" tests="5" failures="0" timestamp="09 十二月 2017 05:56:05 GMT" time="0.011" errors="0">
  <testcase name="testPrimeNumberChecker" time="0.004" classname="TestNG.ParamTestWithDataProvider1"/>
  <testcase name="testPrimeNumberChecker" time="0.005" classname="TestNG.ParamTestWithDataProvider1"/>
  <testcase name="testPrimeNumberChecker" time="0.000" classname="TestNG.ParamTestWithDataProvider1"/>
  <testcase name="testPrimeNumberChecker" time="0.001" classname="TestNG.ParamTestWithDataProvider1"/>
  <testcase name="testPrimeNumberChecker" time="0.001" classname="TestNG.ParamTestWithDataProvider1"/>
</testsuite> <!-- TestNG.ParamTestWithDataProvider1 -->
