<?xml version="1.0" encoding="UTF-8"?>
<!-- Generated by org.testng.reporters.JUnitReportReporter -->
<testsuite skipped="0" hostname="DEEP-1705211512" name="TestNG.day03.TestEmployeeDetails" tests="2" failures="0" timestamp="03 十二月 2017 13:05:27 GMT" time="0.010" errors="0">
  <testcase name="testCalculateAppriasal" time="0.009" classname="TestNG.day03.TestEmployeeDetails"/>
  <testcase name="testCalculateYearlySalary" time="0.001" classname="TestNG.day03.TestEmployeeDetails"/>
</testsuite> <!-- TestNG.day03.TestEmployeeDetails -->
