<?xml version="1.0" encoding="UTF-8"?>
<!-- Generated by org.testng.reporters.JUnitReportReporter -->
<testsuite skipped="0" hostname="DEEP-1705211512" name="TestNG.Test2" tests="1" failures="0" timestamp="03 十二月 2017 14:55:05 GMT" time="0.003" errors="0">
  <testcase name="testSalutationMessage" time="0.003" classname="TestNG.Test2"/>
</testsuite> <!-- TestNG.Test2 -->
