<?xml version="1.0" encoding="UTF-8"?>
<!-- Generated by org.testng.reporters.JUnitReportReporter -->
<testsuite skipped="0" hostname="DEEP-1705211512" name="TestNG.Test1" tests="1" failures="0" timestamp="03 十二月 2017 14:55:05 GMT" time="0.008" errors="0">
  <testcase name="testPrintMessage" time="0.008" classname="TestNG.Test1"/>
</testsuite> <!-- TestNG.Test1 -->
