<?xml version="1.0" encoding="UTF-8"?>
<!-- Generated by org.testng.reporters.JUnitReportReporter -->
<testsuite skipped="1" hostname="DEEP-1705211512" name="TestNG.IgnoreTest" tests="2" failures="0" timestamp="03 十二月 2017 23:31:42 GMT" time="0.009" errors="0">
  <testcase name="testSalutationMessage" time="0.009" classname="TestNG.IgnoreTest"/>
  <testcase name="testPrintMessage" classname="TestNG.IgnoreTest">
    <skipped/>
  </testcase> <!-- testPrintMessage -->
</testsuite> <!-- TestNG.IgnoreTest -->
