<?xml version="1.0" encoding="UTF-8"?>
<!-- Generated by org.testng.reporters.JUnitReportReporter -->
<testsuite skipped="0" hostname="DEEP-1705211512" name="TestNG.TestJunit" tests="1" failures="0" timestamp="12 十二月 2017 00:11:36 GMT" time="0.056" errors="0">
  <testcase name="testAdd" time="0.056" classname="TestNG.TestJunit"/>
</testsuite> <!-- TestNG.TestJunit -->
