<?xml version="1.0" encoding="UTF-8"?>
<!-- Generated by org.testng.reporters.JUnitReportReporter -->
<testsuite skipped="0" hostname="DEEP-1705211512" name="TestNG.ParamTestWithDataProvider2" tests="1" failures="0" timestamp="09 十二月 2017 07:10:02 GMT" time="0.006" errors="0">
  <testcase name="testMethod" time="0.006" classname="TestNG.ParamTestWithDataProvider2"/>
</testsuite> <!-- TestNG.ParamTestWithDataProvider2 -->
