<?xml version="1.0" encoding="UTF-8"?>
<!-- Generated by org.testng.reporters.JUnitReportReporter -->
<testsuite skipped="0" hostname="DEEP-1705211512" name="TestNG.ParameterizedTest1" tests="1" failures="0" timestamp="09 十二月 2017 03:35:11 GMT" time="0.008" errors="0">
  <testcase name="parameterTest" time="0.008" classname="TestNG.ParameterizedTest1"/>
</testsuite> <!-- TestNG.ParameterizedTest1 -->
