<?xml version="1.0" encoding="UTF-8"?>
<!-- Generated by org.testng.reporters.JUnitReportReporter -->
<testsuite skipped="0" hostname="DEEP-1705211512" name="TestNG.DependencyTestUsingAnnotation" tests="3" failures="0" timestamp="09 十二月 2017 03:08:45 GMT" time="0.012" errors="0">
  <testcase name="initEnvironmentTest" time="0.008" classname="TestNG.DependencyTestUsingAnnotation"/>
  <testcase name="testSalutationMessage" time="0.001" classname="TestNG.DependencyTestUsingAnnotation"/>
  <testcase name="testPrintMessage" time="0.003" classname="TestNG.DependencyTestUsingAnnotation"/>
</testsuite> <!-- TestNG.DependencyTestUsingAnnotation -->
