<?xml version="1.0" encoding="UTF-8"?>
<!-- Generated by org.testng.reporters.JUnitReportReporter -->
<testsuite skipped="0" hostname="DEEP-1705211512" name="TestNG.TestngAnnotation" tests="2" failures="0" timestamp="03 十二月 2017 14:00:07 GMT" time="0.005" errors="0">
  <testcase name="testCase2" time="0.001" classname="TestNG.TestngAnnotation"/>
  <testcase name="testCase1" time="0.004" classname="TestNG.TestngAnnotation"/>
</testsuite> <!-- TestNG.TestngAnnotation -->
