<?xml version="1.0" encoding="UTF-8"?>
<!-- Generated by org.testng.reporters.JUnitReportReporter -->
<testsuite skipped="0" hostname="DEEP-1705211512" name="TestNG.SampleTest" tests="1" failures="0" timestamp="03 十二月 2017 14:33:19 GMT" time="0.009" errors="0">
  <testcase name="testPrintMessage" time="0.009" classname="TestNG.SampleTest"/>
</testsuite> <!-- TestNG.SampleTest -->
