<?xml version="1.0" encoding="UTF-8"?>
<!-- Generated by org.testng.reporters.JUnitReportReporter -->
<testsuite skipped="0" hostname="DEEP-1705211512" name="TestNG.day03.TestRunTime" tests="1" failures="0" timestamp="03 十二月 2017 09:56:02 GMT" time="0.008" errors="0">
  <testcase name="divisionWithException" time="0.008" classname="TestNG.day03.TestRunTime"/>
</testsuite> <!-- TestNG.day03.TestRunTime -->
