<?xml version="1.0" encoding="UTF-8"?>
<!-- Generated by org.testng.reporters.JUnitReportReporter -->
<testsuite skipped="0" hostname="DEEP-1705211512" name="TestNG.TestAnnotation" tests="2" failures="0" timestamp="03 十二月 2017 09:36:49 GMT" time="0.005" errors="0">
  <testcase name="test" time="0.004" classname="TestNG.TestAnnotation"/>
  <testcase name="test001" time="0.001" classname="TestNG.TestAnnotation"/>
</testsuite> <!-- TestNG.TestAnnotation -->
